<?xml version="1.0" encoding="UTF-8"?>
<!-- Generated by org.testng.reporters.JUnitXMLReporter -->
<testsuite ignored="0" hostname="KiranmaiMassampally" failures="1" tests="2" name="Surefire test" time="11.96" errors="0" timestamp="2025-05-20T15:20:34 CDT">
  <testcase classname="tests.LoginTest" name="TestLoginWithWrongDetails" time="1.073">
    <failure type="java.lang.AssertionError" message="expected [Just a moment...1223] but found [Just a moment...]">
      <![CDATA[java.lang.AssertionError: expected [Just a moment...1223] but found [Just a moment...]
at tests.LoginTest.TestLoginWithWrongDetails(LoginTest.java:57)
at java.base/java.util.ArrayList.forEach(ArrayList.java:1596)
... Removed 36 stack frames]]>
    </failure>
  </testcase> <!-- TestLoginWithWrongDetails -->
  <testcase classname="tests.LoginTest" name="TestValidLogin" time="1.267"/>
</testsuite> <!-- Surefire test -->
