<?xml version="1.0" encoding="UTF-8"?>
<testng-results ignored="0" total="2" passed="1" failed="1" skipped="0">
  <reporter-output>
  </reporter-output>
  <suite started-at="2025-05-19T16:58:53 CDT" name="Default suite" finished-at="2025-05-19T16:59:01 CDT" duration-ms="8324">
    <groups>
    </groups>
    <test started-at="2025-05-19T16:58:53 CDT" name="Default test" finished-at="2025-05-19T16:59:01 CDT" duration-ms="8324">
      <class name="tests.LoginTest">
        <test-method is-config="true" signature="SetupReport()[pri:0, instance:tests.LoginTest@2a3b5b47]" started-at="2025-05-19T16:58:53 CDT" name="SetupReport" finished-at="2025-05-19T16:58:53 CDT" duration-ms="174" status="PASS">
          <reporter-output>
          </reporter-output>
        </test-method> <!-- SetupReport -->
        <test-method is-config="true" signature="SetUp()[pri:0, instance:tests.LoginTest@2a3b5b47]" started-at="2025-05-19T16:58:53 CDT" name="SetUp" finished-at="2025-05-19T16:58:56 CDT" duration-ms="2918" status="PASS">
          <reporter-output>
          </reporter-output>
        </test-method> <!-- SetUp -->
        <test-method signature="TestLoginWithWrongDetails()[pri:0, instance:tests.LoginTest@2a3b5b47]" started-at="2025-05-19T16:58:56 CDT" name="TestLoginWithWrongDetails" finished-at="2025-05-19T16:58:57 CDT" duration-ms="1026" status="FAIL">
          <exception class="java.lang.AssertionError">
            <message>
              <![CDATA[expected [Just a moment...1223] but found [Just a moment...]]]>
            </message>
            <full-stacktrace>
              <![CDATA[java.lang.AssertionError: expected [Just a moment...1223] but found [Just a moment...]
at org.testng.Assert.fail(Assert.java:111)
at org.testng.Assert.failNotEquals(Assert.java:1590)
at org.testng.Assert.assertEqualsImpl(Assert.java:150)
at org.testng.Assert.assertEquals(Assert.java:132)
at org.testng.Assert.assertEquals(Assert.java:656)
at org.testng.Assert.assertEquals(Assert.java:666)
at tests.LoginTest.TestLoginWithWrongDetails(LoginTest.java:57)
at java.base/jdk.internal.reflect.DirectMethodHandleAccessor.invoke(DirectMethodHandleAccessor.java:104)
at java.base/java.lang.reflect.Method.invoke(Method.java:565)
at org.testng.internal.invokers.MethodInvocationHelper.invokeMethod(MethodInvocationHelper.java:141)
at org.testng.internal.invokers.TestInvoker.invokeMethod(TestInvoker.java:687)
at org.testng.internal.invokers.TestInvoker.invokeTestMethod(TestInvoker.java:230)
at org.testng.internal.invokers.MethodRunner.runInSequence(MethodRunner.java:63)
at org.testng.internal.invokers.TestInvoker$MethodInvocationAgent.invoke(TestInvoker.java:995)
at org.testng.internal.invokers.TestInvoker.invokeTestMethods(TestInvoker.java:203)
at org.testng.internal.invokers.TestMethodWorker.invokeTestMethods(TestMethodWorker.java:154)
at org.testng.internal.invokers.TestMethodWorker.run(TestMethodWorker.java:134)
at java.base/java.util.ArrayList.forEach(ArrayList.java:1604)
at org.testng.TestRunner.privateRun(TestRunner.java:741)
at org.testng.TestRunner.run(TestRunner.java:616)
at org.testng.SuiteRunner.runTest(SuiteRunner.java:421)
at org.testng.SuiteRunner.runSequentially(SuiteRunner.java:413)
at org.testng.SuiteRunner.privateRun(SuiteRunner.java:373)
at org.testng.SuiteRunner.run(SuiteRunner.java:312)
at org.testng.SuiteRunnerWorker.runSuite(SuiteRunnerWorker.java:52)
at org.testng.SuiteRunnerWorker.run(SuiteRunnerWorker.java:95)
at org.testng.TestNG.runSuitesSequentially(TestNG.java:1274)
at org.testng.TestNG.runSuitesLocally(TestNG.java:1208)
at org.testng.TestNG.runSuites(TestNG.java:1112)
at org.testng.TestNG.run(TestNG.java:1079)
at org.testng.remote.AbstractRemoteTestNG.run(AbstractRemoteTestNG.java:115)
at org.testng.remote.RemoteTestNG.initAndRun(RemoteTestNG.java:293)
at org.testng.remote.RemoteTestNG.main(RemoteTestNG.java:91)
]]>
            </full-stacktrace>
          </exception> <!-- java.lang.AssertionError -->
          <reporter-output>
          </reporter-output>
        </test-method> <!-- TestLoginWithWrongDetails -->
        <test-method is-config="true" signature="tearDown(org.testng.ITestResult)[pri:0, instance:tests.LoginTest@2a3b5b47]" started-at="2025-05-19T16:58:57 CDT" name="tearDown" finished-at="2025-05-19T16:58:58 CDT" duration-ms="701" status="PASS">
          <params>
            <param index="0">
              <value>
                <![CDATA[[TestResult name=TestLoginWithWrongDetails status=FAILURE method=LoginTest.TestLoginWithWrongDetails()[pri:0, instance:tests.LoginTest@2a3b5b47] output={null}]]]>
              </value>
            </param>
          </params>
          <reporter-output>
          </reporter-output>
        </test-method> <!-- tearDown -->
        <test-method is-config="true" signature="SetUp()[pri:0, instance:tests.LoginTest@2a3b5b47]" started-at="2025-05-19T16:58:58 CDT" name="SetUp" finished-at="2025-05-19T16:59:00 CDT" duration-ms="2507" status="PASS">
          <reporter-output>
          </reporter-output>
        </test-method> <!-- SetUp -->
        <test-method signature="TestValidLogin()[pri:0, instance:tests.LoginTest@2a3b5b47]" started-at="2025-05-19T16:59:00 CDT" name="TestValidLogin" finished-at="2025-05-19T16:59:01 CDT" duration-ms="912" status="PASS">
          <reporter-output>
          </reporter-output>
        </test-method> <!-- TestValidLogin -->
        <test-method is-config="true" signature="tearDown(org.testng.ITestResult)[pri:0, instance:tests.LoginTest@2a3b5b47]" started-at="2025-05-19T16:59:01 CDT" name="tearDown" finished-at="2025-05-19T16:59:01 CDT" duration-ms="227" status="PASS">
          <params>
            <param index="0">
              <value>
                <![CDATA[[TestResult name=TestValidLogin status=SUCCESS method=LoginTest.TestValidLogin()[pri:0, instance:tests.LoginTest@2a3b5b47] output={null}]]]>
              </value>
            </param>
          </params>
          <reporter-output>
          </reporter-output>
        </test-method> <!-- tearDown -->
        <test-method is-config="true" signature="TeardownReport()[pri:0, instance:tests.LoginTest@2a3b5b47]" started-at="2025-05-19T16:59:01 CDT" name="TeardownReport" finished-at="2025-05-19T16:59:02 CDT" duration-ms="262" status="PASS">
          <reporter-output>
          </reporter-output>
        </test-method> <!-- TeardownReport -->
      </class> <!-- tests.LoginTest -->
    </test> <!-- Default test -->
  </suite> <!-- Default suite -->
</testng-results>
